0 info it worked if it ends with ok
1 verbose cli [ '/usr/bin/node', '/usr/bin/npm', 'install', 'express' ]
2 info using npm@1.2.32
3 info using node@v0.10.12
4 verbose node symlink /usr/bin/node
5 verbose read json /home/ubuntu/bitstarter/package.json
6 warn package.json node-js-sample@0.0.1 No readme data.
7 verbose read json /home/ubuntu/bitstarter/node_modules/express/package.json
8 verbose from cache /home/ubuntu/bitstarter/package.json
9 verbose readDependencies using package.json deps
10 verbose cache add [ 'express@2.5.x', null ]
11 verbose cache add name=undefined spec="express@2.5.x" args=["express@2.5.x",null]
12 verbose parsed url { protocol: null,
12 verbose parsed url   slashes: null,
12 verbose parsed url   auth: null,
12 verbose parsed url   host: null,
12 verbose parsed url   port: null,
12 verbose parsed url   hostname: null,
12 verbose parsed url   hash: null,
12 verbose parsed url   search: null,
12 verbose parsed url   query: null,
12 verbose parsed url   pathname: 'express@2.5.x',
12 verbose parsed url   path: 'express@2.5.x',
12 verbose parsed url   href: 'express@2.5.x' }
13 verbose cache add name="express" spec="2.5.x" args=["express","2.5.x"]
14 verbose parsed url { protocol: null,
14 verbose parsed url   slashes: null,
14 verbose parsed url   auth: null,
14 verbose parsed url   host: null,
14 verbose parsed url   port: null,
14 verbose parsed url   hostname: null,
14 verbose parsed url   hash: null,
14 verbose parsed url   search: null,
14 verbose parsed url   query: null,
14 verbose parsed url   pathname: '2.5.x',
14 verbose parsed url   path: '2.5.x',
14 verbose parsed url   href: '2.5.x' }
15 verbose addNamed [ 'express', '2.5.x' ]
16 verbose addNamed [ null, '>=2.5.0- <2.6.0-' ]
17 silly lockFile 38bf5a2e-express-2-5-x express@2.5.x
18 verbose lock express@2.5.x /home/ubuntu/.npm/38bf5a2e-express-2-5-x.lock
19 silly addNameRange { name: 'express', range: '>=2.5.0- <2.6.0-', hasData: false }
20 verbose url raw express
21 verbose url resolving [ 'https://registry.npmjs.org/', './express' ]
22 verbose url resolved https://registry.npmjs.org/express
23 info trying registry request attempt 1 at 11:58:10
24 verbose etag "52KPZLM5WOPEZFQFN7LEMEGZ5"
25 http GET https://registry.npmjs.org/express
26 http 304 https://registry.npmjs.org/express
27 silly registry.get cb [ 304,
27 silly registry.get   { server: 'CouchDB/1.3.0 (Erlang OTP/R15B03)',
27 silly registry.get     etag: '"52KPZLM5WOPEZFQFN7LEMEGZ5"',
27 silly registry.get     date: 'Sat, 27 Jul 2013 11:59:00 GMT',
27 silly registry.get     'content-length': '0' } ]
28 verbose etag express from cache
29 silly addNameRange number 2 { name: 'express', range: '>=2.5.0- <2.6.0-', hasData: true }
30 silly addNameRange versions [ 'express',
30 silly addNameRange   [ '0.14.0',
30 silly addNameRange     '0.14.1',
30 silly addNameRange     '1.0.0',
30 silly addNameRange     '1.0.1',
30 silly addNameRange     '1.0.2',
30 silly addNameRange     '1.0.3',
30 silly addNameRange     '1.0.4',
30 silly addNameRange     '1.0.5',
30 silly addNameRange     '1.0.6',
30 silly addNameRange     '1.0.7',
30 silly addNameRange     '1.0.8',
30 silly addNameRange     '2.0.0',
30 silly addNameRange     '2.1.0',
30 silly addNameRange     '2.1.1',
30 silly addNameRange     '2.2.0',
30 silly addNameRange     '2.2.1',
30 silly addNameRange     '2.2.2',
30 silly addNameRange     '2.3.0',
30 silly addNameRange     '2.3.1',
30 silly addNameRange     '2.3.2',
30 silly addNameRange     '2.3.3',
30 silly addNameRange     '2.3.4',
30 silly addNameRange     '2.3.5',
30 silly addNameRange     '2.3.6',
30 silly addNameRange     '2.3.7',
30 silly addNameRange     '2.3.8',
30 silly addNameRange     '2.3.9',
30 silly addNameRange     '2.3.10',
30 silly addNameRange     '2.3.11',
30 silly addNameRange     '2.3.12',
30 silly addNameRange     '2.4.0',
30 silly addNameRange     '2.4.1',
30 silly addNameRange     '2.4.2',
30 silly addNameRange     '2.4.3',
30 silly addNameRange     '2.4.4',
30 silly addNameRange     '2.4.5',
30 silly addNameRange     '2.4.6',
30 silly addNameRange     '2.4.7',
30 silly addNameRange     '2.5.0',
30 silly addNameRange     '2.5.1',
30 silly addNameRange     '2.5.2',
30 silly addNameRange     '2.5.3',
30 silly addNameRange     '2.5.4',
30 silly addNameRange     '2.5.5',
30 silly addNameRange     '2.5.6',
30 silly addNameRange     '2.5.7',
30 silly addNameRange     '2.5.8',
30 silly addNameRange     '2.5.9',
30 silly addNameRange     '2.5.10',
30 silly addNameRange     '2.5.11',
30 silly addNameRange     '3.0.0',
30 silly addNameRange     '3.0.1',
30 silly addNameRange     '3.0.2',
30 silly addNameRange     '3.0.3',
30 silly addNameRange     '3.0.4',
30 silly addNameRange     '3.0.5',
30 silly addNameRange     '3.0.6',
30 silly addNameRange     '3.1.0',
30 silly addNameRange     '3.1.1',
30 silly addNameRange     '3.1.2',
30 silly addNameRange     '3.2.0',
30 silly addNameRange     '3.2.1',
30 silly addNameRange     '3.2.2',
30 silly addNameRange     '3.2.3',
30 silly addNameRange     '3.2.4',
30 silly addNameRange     '3.2.5',
30 silly addNameRange     '3.2.6',
30 silly addNameRange     '3.3.0',
30 silly addNameRange     '3.3.1',
30 silly addNameRange     '3.3.2',
30 silly addNameRange     '3.3.3',
30 silly addNameRange     '3.3.4',
30 silly addNameRange     '1.0.0-beta',
30 silly addNameRange     '1.0.0-beta2',
30 silly addNameRange     '1.0.0-rc',
30 silly addNameRange     '1.0.0-rc2',
30 silly addNameRange     '1.0.0-rc3',
30 silly addNameRange     '1.0.0-rc4',
30 silly addNameRange     '2.0.0-beta',
30 silly addNameRange     '2.0.0-beta2',
30 silly addNameRange     '2.0.0-beta3',
30 silly addNameRange     '2.0.0-rc',
30 silly addNameRange     '2.0.0-rc2',
30 silly addNameRange     '2.0.0-rc3',
30 silly addNameRange     '3.0.0-alpha1',
30 silly addNameRange     '3.0.0-alpha2',
30 silly addNameRange     '3.0.0-alpha3',
30 silly addNameRange     '3.0.0-alpha4',
30 silly addNameRange     '3.0.0-alpha5',
30 silly addNameRange     '3.0.0-beta1',
30 silly addNameRange     '3.0.0-beta2',
30 silly addNameRange     '3.0.0-beta3',
30 silly addNameRange     '3.0.0-beta4',
30 silly addNameRange     '3.0.0-beta6',
30 silly addNameRange     '3.0.0-beta7',
30 silly addNameRange     '3.0.0-rc1',
30 silly addNameRange     '3.0.0-rc2',
30 silly addNameRange     '3.0.0-rc3',
30 silly addNameRange     '3.0.0-rc4',
30 silly addNameRange     '3.0.0-rc5' ] ]
31 verbose addNamed [ 'express', '2.5.11' ]
32 verbose addNamed [ '2.5.11', '2.5.11' ]
33 silly lockFile 631042f2-express-2-5-11 express@2.5.11
34 verbose lock express@2.5.11 /home/ubuntu/.npm/631042f2-express-2-5-11.lock
35 verbose read json /home/ubuntu/.npm/express/2.5.11/package/package.json
36 silly lockFile 631042f2-express-2-5-11 express@2.5.11
37 silly lockFile 631042f2-express-2-5-11 express@2.5.11
38 silly lockFile 38bf5a2e-express-2-5-x express@2.5.x
39 silly lockFile 38bf5a2e-express-2-5-x express@2.5.x
40 silly resolved [ { name: 'express',
40 silly resolved     description: 'Sinatra inspired web development framework',
40 silly resolved     version: '2.5.11',
40 silly resolved     author: { name: 'TJ Holowaychuk', email: 'tj@vision-media.ca' },
40 silly resolved     contributors: [ [Object], [Object], [Object], [Object] ],
40 silly resolved     dependencies: { connect: '1.x', mime: '1.2.4', qs: '0.4.x', mkdirp: '0.3.0' },
40 silly resolved     devDependencies:
40 silly resolved      { 'connect-form': '0.2.1',
40 silly resolved        ejs: '0.4.2',
40 silly resolved        expresso: '0.9.2',
40 silly resolved        hamljs: '0.6.x',
40 silly resolved        jade: '0.16.2',
40 silly resolved        stylus: '0.13.0',
40 silly resolved        should: '0.3.2',
40 silly resolved        'express-messages': '0.0.2',
40 silly resolved        'node-markdown': '>= 0.0.1',
40 silly resolved        'connect-redis': '>= 0.0.1' },
40 silly resolved     keywords: [ 'framework', 'sinatra', 'web', 'rest', 'restful' ],
40 silly resolved     repository: { type: 'git', url: 'git://github.com/visionmedia/express' },
40 silly resolved     main: 'index',
40 silly resolved     bin: { express: './bin/express' },
40 silly resolved     scripts: { test: 'make test', prepublish: 'npm prune' },
40 silly resolved     readme: '\n# Express\n      \n  Insanely fast (and small) server-side JavaScript web development framework\n  built on [node](http://nodejs.org) and [Connect](http://github.com/senchalabs/connect).\n  \n     var app = express.createServer();\n     \n     app.get(\'/\', function(req, res){\n       res.send(\'Hello World\');\n     });\n     \n     app.listen(3000);\n\n## Installation\n\n    $ npm install express\n\nor to access the `express(1)` executable install globally:\n\n    $ npm install -g express\n\n## Quick Start\n\n The quickest way to get started with express is to utilize the executable `express(1)` to generate an application as shown below:\n\n Create the app:\n\n    $ npm install -g express\n    $ express /tmp/foo && cd /tmp/foo\n\n Install dependencies:\n\n    $ npm install -d\n\n Start the server:\n\n    $ node app.js\n\n## Features\n\n  * Robust routing\n  * Redirection helpers\n  * Dynamic view helpers\n  * Content negotiation\n  * Focus on high performance\n  * View rendering and partials support\n  * Environment based configuration\n  * Session based flash notifications\n  * Built on [Connect](http://github.com/senchalabs/connect)\n  * High test coverage\n  * Executable for generating applications quickly\n  * Application level view options\n\nVia Connect:\n\n  * Session support\n  * Cache API\n  * Mime helpers\n  * ETag support\n  * Persistent flash notifications\n  * Cookie support\n  * JSON-RPC\n  * Logging\n  * and _much_ more!\n\n## Contributors\n\nThe following are the major contributors of Express (in no specific order).\n\n  * TJ Holowaychuk ([visionmedia](http://github.com/visionmedia))\n  * Ciaran Jessup ([ciaranj](http://github.com/ciaranj))\n  * Aaron Heckmann ([aheckmann](http://github.com/aheckmann))\n  * Guillermo Rauch ([guille](http://github.com/guille))\n\n## More Information\n\n  * #express on freenode\n  * [express-expose](http://github.com/visionmedia/express-expose) expose objects, functions, modules and more to client-side js with ease\n  * [express-configure](http://github.com/visionmedia/express-configuration) async configuration support\n  * [express-messages](http://github.com/visionmedia/express-messages) flash notification rendering helper\n  * [express-namespace](http://github.com/visionmedia/express-namespace) namespaced route support\n  * [express-params](https://github.com/visionmedia/express-params) param pre-condition functions\n  * [express-mongoose](https://github.com/LearnBoost/express-mongoose) plugin for easy rendering of Mongoose async Query results\n  * Follow [tjholowaychuk](http://twitter.com/tjholowaychuk) on twitter for updates\n  * [Google Group](http://groups.google.com/group/express-js) for discussion\n  * Visit the [Wiki](http://github.com/visionmedia/express/wiki)\n  * [日本語ドキュメンテーション](http://hideyukisaito.com/doc/expressjs/) by [hideyukisaito](https://github.com/hideyukisaito)\n  * Screencast - [Introduction](http://bit.ly/eRYu0O)\n  * Screencast - [View Partials](http://bit.ly/dU13Fx)\n  * Screencast - [Route Specific Middleware](http://bit.ly/hX4IaH)\n  * Screencast - [Route Path Placeholder Preconditions](http://bit.ly/eNqmVs)\n\n## Node Compatibility\n\nExpress 1.x is compatible with node 0.2.x and connect < 1.0.\n\nExpress 2.x is compatible with node 0.4.x or 0.6.x, and connect 1.x\n\nExpress 3.x (master) will be compatible with node 0.6.x and connect 2.x\n\n## Viewing Examples\n\nFirst install the dev dependencies to install all the example / test suite deps:\n\n    $ npm install\n\nthen run whichever tests you want:\n\n    $ node examples/jade/app.js\n\n## Running Tests\n\nTo run the test suite first invoke the following command within the repo, installing the development dependencies:\n\n    $ npm install\n\nthen run the tests:\n\n    $ make test\n\n## License \n\n(The MIT License)\n\nCopyright (c) 2009-2011 TJ Holowaychuk &lt;tj@vision-media.ca&gt;\n\nPermission is hereby granted, free of charge, to any person obtaining\na copy of this software and associated documentation files (the\n\'Software\'), to deal in the Software without restriction, including\nwithout limitation the rights to use, copy, modify, merge, publish,\ndistribute, sublicense, and/or sell copies of the Software, and to\npermit persons to whom the Software is furnished to do so, subject to\nthe following conditions:\n\nThe above copyright notice and this permission notice shall be\nincluded in all copies or substantial portions of the Software.\n\nTHE SOFTWARE IS PROVIDED \'AS IS\', WITHOUT WARRANTY OF ANY KIND,\nEXPRESS OR IMPLIED, INCLUDING BUT NOT LIMITED TO THE WARRANTIES OF\nMERCHANTABILITY, FITNESS FOR A PARTICULAR PURPOSE AND NONINFRINGEMENT.\nIN NO EVENT SHALL THE AUTHORS OR COPYRIGHT HOLDERS BE LIABLE FOR ANY\nCLAIM, DAMAGES OR OTHER LIABILITY, WHETHER IN AN ACTION OF CONTRACT,\nTORT OR OTHERWISE, ARISING FROM, OUT OF OR IN CONNECTION WITH THE\nSOFTWARE OR THE USE OR OTHER DEALINGS IN THE SOFTWARE.\n',
40 silly resolved     readmeFilename: 'Readme.md',
40 silly resolved     bugs: { url: 'https://github.com/visionmedia/express/issues' },
40 silly resolved     _id: 'express@2.5.11',
40 silly resolved     _from: 'express@2.5.x' } ]
41 info install express@2.5.11 into /home/ubuntu/bitstarter
42 info installOne express@2.5.11
43 verbose from cache /home/ubuntu/.npm/express/2.5.11/package/package.json
44 info /home/ubuntu/bitstarter/node_modules/express unbuild
45 verbose from cache /home/ubuntu/bitstarter/node_modules/express/package.json
46 info preuninstall express@2.5.11
47 info uninstall express@2.5.11
48 verbose true,/home/ubuntu/bitstarter/node_modules,/home/ubuntu/bitstarter/node_modules unbuild express@2.5.11
49 verbose /home/ubuntu/bitstarter/node_modules/.bin,[object Object] binRoot
50 info /home/ubuntu/bitstarter/node_modules/express unbuild
51 verbose read json /home/ubuntu/bitstarter/node_modules/express/package.json
52 info preuninstall express@2.5.11
53 info uninstall express@2.5.11
54 verbose true,/home/ubuntu/bitstarter/node_modules,/home/ubuntu/bitstarter/node_modules unbuild express@2.5.11
55 verbose /home/ubuntu/bitstarter/node_modules/.bin,[object Object] binRoot
56 error error rolling back Error: EACCES, unlink '/home/ubuntu/bitstarter/node_modules/.bin/express'
56 error error rolling back  express@2.5.11 { [Error: EACCES, unlink '/home/ubuntu/bitstarter/node_modules/.bin/express']
56 error error rolling back   errno: 3,
56 error error rolling back   code: 'EACCES',
56 error error rolling back   path: '/home/ubuntu/bitstarter/node_modules/.bin/express' }
57 error Error: EACCES, unlink '/home/ubuntu/bitstarter/node_modules/.bin/express'
57 error  { [Error: EACCES, unlink '/home/ubuntu/bitstarter/node_modules/.bin/express']
57 error   errno: 3,
57 error   code: 'EACCES',
57 error   path: '/home/ubuntu/bitstarter/node_modules/.bin/express' }
58 error Please try running this command again as root/Administrator.
59 error System Linux 3.2.0-40-virtual
60 error command "/usr/bin/node" "/usr/bin/npm" "install" "express"
61 error cwd /home/ubuntu/bitstarter
62 error node -v v0.10.12
63 error npm -v 1.2.32
64 error path /home/ubuntu/bitstarter/node_modules/.bin/express
65 error code EACCES
66 error errno 3
67 error stack Error: EACCES, unlink '/home/ubuntu/bitstarter/node_modules/.bin/express'
68 verbose exit [ 3, true ]
